2025-04-15 20:34:53,049 - INFO - 程序启动，日志文件：log\2025-04-15_20-34-53.log
2025-04-15 20:34:53,049 - INFO - 用户指南文件 UserGuide.txt 已存在，跳过生成
2025-04-15 20:34:53,060 - INFO - remarks 表缺少 transaction_id 的 UNIQUE 约束，正在升级表结构...
2025-04-15 20:34:53,061 - INFO - remarks 表结构升级完成！
2025-04-15 20:34:53,071 - INFO - 默认账户检查 - 用户名: bc, 数据: (39, 'bc', '5dd2b2cbf23d7c2815e7100bcbef2325c1af832ae703b834e8508cbfc595a790', 'admin', None, None)
2025-04-15 20:34:53,075 - INFO - 数据库初始化成功
2025-04-15 20:34:53,204 - INFO - 加载保存的凭据 - 用户名: , 记住我: False
2025-04-15 20:34:53,205 - INFO - 应用窗口标题: 本纯设计
2025-04-15 20:34:53,221 - INFO - 应用窗口图标: D:/bcmanager/logo01.png
2025-04-15 20:34:53,221 - INFO - 读取 Logo 路径: D:/bcmanager/logo.png
2025-04-15 20:34:53,234 - INFO - 应用新 Logo: D:/bcmanager/logo.png
2025-04-15 20:35:24,586 - INFO - 保存窗口标题: 本纯设计
2025-04-15 20:35:24,587 - INFO - 用户表记录数: 2
2025-04-15 20:35:24,588 - INFO - 更新用户记录，影响行数: 1, 新用户名: 黄哥哥
2025-04-15 20:35:26,323 - INFO - 应用窗口标题: 本纯设计
2025-04-15 20:35:26,341 - INFO - 应用窗口图标: D:/bcmanager/logo01.png
2025-04-15 20:35:26,342 - INFO - 读取 Logo 路径: D:/bcmanager/logo.png
2025-04-15 20:35:26,342 - INFO - 应用新 Logo: D:/bcmanager/logo.png
2025-04-15 20:35:36,592 - INFO - 登录尝试 - 用户名: bc
2025-04-15 20:35:36,594 - INFO - 验证结果: True
2025-04-15 20:35:37,032 - INFO - remarks 表缺少 transaction_id 的 UNIQUE 约束，正在升级表结构...
2025-04-15 20:35:37,034 - INFO - remarks 表结构升级完成！
2025-04-15 20:35:37,042 - INFO - 默认账户检查 - 用户名: bc, 数据: (39, 'bc', '5dd2b2cbf23d7c2815e7100bcbef2325c1af832ae703b834e8508cbfc595a790', 'admin', None, None)
2025-04-15 20:35:37,046 - INFO - 数据库初始化成功
