2025-04-15 21:01:36,680 - INFO - 程序启动，日志文件：log\2025-04-15_21-01-36.log
2025-04-15 21:01:36,681 - INFO - 用户指南文件 UserGuide.txt 已存在，跳过生成
2025-04-15 21:01:36,692 - WARNING - users 表中有 2 条记录，正在清理多余记录...
2025-04-15 21:01:36,693 - INFO - 已清理 users 表多余记录
2025-04-15 21:01:36,694 - INFO - remarks 表缺少 transaction_id 的 UNIQUE 约束，正在升级表结构...
2025-04-15 21:01:36,695 - INFO - remarks 表结构升级完成！
2025-04-15 21:01:36,705 - INFO - 默认账户检查 - 用户名: bc, 数据: (52, 'bc', '5dd2b2cbf23d7c2815e7100bcbef2325c1af832ae703b834e8508cbfc595a790', 'admin', None, None)
2025-04-15 21:01:36,709 - INFO - 数据库初始化成功
2025-04-15 21:01:36,839 - INFO - 加载保存的凭据 - 用户名: , 记住我: False
2025-04-15 21:01:36,839 - INFO - 应用窗口标题: 本纯设计
2025-04-15 21:01:36,855 - INFO - 应用窗口图标: D:/bcmanager/logo01.png
2025-04-15 21:01:36,856 - INFO - 读取 Logo 路径: D:/bcmanager/logo.png
2025-04-15 21:01:36,869 - INFO - 应用新 Logo: D:/bcmanager/logo.png
2025-04-15 21:01:42,311 - INFO - 登录尝试 - 用户名: bc
2025-04-15 21:01:42,312 - INFO - 验证结果: False
2025-04-15 21:01:48,358 - INFO - 登录尝试 - 用户名: 黄哥哥
2025-04-15 21:01:48,360 - INFO - 验证结果: True
2025-04-15 21:01:48,768 - WARNING - users 表中有 2 条记录，正在清理多余记录...
2025-04-15 21:01:48,769 - INFO - 已清理 users 表多余记录
2025-04-15 21:01:48,769 - INFO - remarks 表缺少 transaction_id 的 UNIQUE 约束，正在升级表结构...
2025-04-15 21:01:48,770 - INFO - remarks 表结构升级完成！
2025-04-15 21:01:48,778 - INFO - 默认账户检查 - 用户名: bc, 数据: (53, 'bc', '5dd2b2cbf23d7c2815e7100bcbef2325c1af832ae703b834e8508cbfc595a790', 'admin', None, None)
2025-04-15 21:01:48,783 - INFO - 数据库初始化成功
