2025-04-15 15:39:57,392 - INFO - 程序启动，日志文件：log\2025-04-15_15-39-57.log
2025-04-15 15:39:57,402 - INFO - remarks 表缺少 transaction_id 的 UNIQUE 约束，正在升级表结构...
2025-04-15 15:39:57,403 - INFO - remarks 表结构升级完成！
2025-04-15 15:39:57,416 - INFO - 数据库初始化成功
2025-04-15 15:39:57,552 - INFO - 应用窗口标题: 黄哥哥设计
2025-04-15 15:39:57,571 - INFO - 应用窗口图标: D:/bcmanager/l/logo.png
2025-04-15 15:39:57,572 - INFO - 读取 Logo 路径: D:/bcmanager/l/logo.png
2025-04-15 15:39:57,572 - INFO - 应用新 Logo: D:/bcmanager/l/logo.png
2025-04-15 15:40:08,192 - INFO - 保存 Logo 路径: D:/bcmanager/l/1/logo.png
2025-04-15 15:40:08,193 - INFO - 保存窗口标题: 黄哥哥设计
2025-04-15 15:40:08,197 - INFO - 应用窗口标题: 黄哥哥设计
2025-04-15 15:40:08,209 - INFO - 应用窗口图标: D:/bcmanager/l/logo.png
2025-04-15 15:40:08,210 - INFO - 读取 Logo 路径: D:/bcmanager/l/1/logo.png
2025-04-15 15:40:08,212 - INFO - 应用新 Logo: D:/bcmanager/l/1/logo.png
2025-04-15 15:40:21,480 - INFO - 保存窗口标题: 小梅梅设计
2025-04-15 15:40:21,484 - INFO - 应用窗口标题: 小梅梅设计
2025-04-15 15:40:21,496 - INFO - 应用窗口图标: D:/bcmanager/l/logo.png
2025-04-15 15:40:21,497 - INFO - 读取 Logo 路径: D:/bcmanager/l/1/logo.png
2025-04-15 15:40:21,497 - INFO - 应用新 Logo: D:/bcmanager/l/1/logo.png
2025-04-15 15:40:54,920 - INFO - 保存窗口标题: 小梅梅设计
2025-04-15 15:40:54,921 - INFO - 用户表记录数: 2
2025-04-15 15:40:54,922 - INFO - 更新用户记录，影响行数: 1, 新用户名: 小梅, 哈希密码: d035eaef7179a8a39b5cde391f521cd2a9cfbbd1932143e742a09188977d2ce9
2025-04-15 15:40:55,751 - INFO - 应用窗口标题: 小梅梅设计
2025-04-15 15:40:55,765 - INFO - 应用窗口图标: D:/bcmanager/l/logo.png
2025-04-15 15:40:55,765 - INFO - 读取 Logo 路径: D:/bcmanager/l/1/logo.png
2025-04-15 15:40:55,766 - INFO - 应用新 Logo: D:/bcmanager/l/1/logo.png
2025-04-15 15:41:05,448 - INFO - 登录尝试 - 用户名: 小梅, 哈希密码: d035eaef7179a8a39b5cde391f521cd2a9cfbbd1932143e742a09188977d2ce9
2025-04-15 15:41:05,449 - INFO - 验证结果: True, 用户数据: (1, '小梅', 'd035eaef7179a8a39b5cde391f521cd2a9cfbbd1932143e742a09188977d2ce9', 'admin')
2025-04-15 15:41:05,871 - INFO - remarks 表缺少 transaction_id 的 UNIQUE 约束，正在升级表结构...
2025-04-15 15:41:05,873 - INFO - remarks 表结构升级完成！
2025-04-15 15:41:05,885 - INFO - 数据库初始化成功
