2025-04-15 15:38:12,578 - INFO - 程序启动，日志文件：log\2025-04-15_15-38-12.log
2025-04-15 15:38:12,589 - INFO - remarks 表缺少 transaction_id 的 UNIQUE 约束，正在升级表结构...
2025-04-15 15:38:12,590 - INFO - remarks 表结构升级完成！
2025-04-15 15:38:12,602 - INFO - 数据库初始化成功
2025-04-15 15:38:12,737 - INFO - 应用窗口标题: 本纯设计
2025-04-15 15:38:12,746 - INFO - 使用默认窗口图标: :/logo01.png
2025-04-15 15:38:12,746 - INFO - 读取 Logo 路径: 
2025-04-15 15:38:12,747 - INFO - 使用默认 Logo: :/logo.png
2025-04-15 15:38:28,777 - INFO - 保存 Logo 路径: D:/bcmanager/l/logo01.png
2025-04-15 15:38:28,779 - INFO - 保存窗口标题: 本纯设计
2025-04-15 15:38:28,785 - INFO - 应用窗口标题: 本纯设计
2025-04-15 15:38:28,786 - INFO - 使用默认窗口图标: :/logo01.png
2025-04-15 15:38:28,786 - INFO - 读取 Logo 路径: D:/bcmanager/l/logo01.png
2025-04-15 15:38:28,795 - INFO - 应用新 Logo: D:/bcmanager/l/logo01.png
2025-04-15 15:38:38,313 - INFO - 保存 Logo 路径: D:/bcmanager/l/logo.png
2025-04-15 15:38:38,313 - INFO - 保存窗口标题: 本纯设计
2025-04-15 15:38:38,318 - INFO - 应用窗口标题: 本纯设计
2025-04-15 15:38:38,318 - INFO - 使用默认窗口图标: :/logo01.png
2025-04-15 15:38:38,318 - INFO - 读取 Logo 路径: D:/bcmanager/l/logo.png
2025-04-15 15:38:38,330 - INFO - 应用新 Logo: D:/bcmanager/l/logo.png
2025-04-15 15:39:18,769 - INFO - 保存图标路径: D:/bcmanager/l/logo.png
2025-04-15 15:39:18,770 - INFO - 保存窗口标题: 本纯设计
2025-04-15 15:39:18,774 - INFO - 应用窗口标题: 本纯设计
2025-04-15 15:39:18,788 - INFO - 应用窗口图标: D:/bcmanager/l/logo.png
2025-04-15 15:39:18,788 - INFO - 读取 Logo 路径: D:/bcmanager/l/logo.png
2025-04-15 15:39:18,789 - INFO - 应用新 Logo: D:/bcmanager/l/logo.png
2025-04-15 15:39:35,137 - INFO - 保存窗口标题: 黄哥哥设计
2025-04-15 15:39:35,142 - INFO - 应用窗口标题: 黄哥哥设计
2025-04-15 15:39:35,153 - INFO - 应用窗口图标: D:/bcmanager/l/logo.png
2025-04-15 15:39:35,153 - INFO - 读取 Logo 路径: D:/bcmanager/l/logo.png
2025-04-15 15:39:35,153 - INFO - 应用新 Logo: D:/bcmanager/l/logo.png
2025-04-15 15:39:46,606 - INFO - 登录尝试 - 用户名: hh, 哈希密码: 03ac674216f3e15c761ee1a5e255f067953623c8b388b4459e13f978d7c846f4
2025-04-15 15:39:46,608 - INFO - 验证结果: False, 用户数据: None
2025-04-15 15:39:50,632 - INFO - 登录尝试 - 用户名: hh, 哈希密码: 8d969eef6ecad3c29a3a629280e686cf0c3f5d5a86aff3ca12020c923adc6c92
2025-04-15 15:39:50,633 - INFO - 验证结果: True, 用户数据: (1, 'hh', '8d969eef6ecad3c29a3a629280e686cf0c3f5d5a86aff3ca12020c923adc6c92', 'admin')
2025-04-15 15:39:51,073 - INFO - remarks 表缺少 transaction_id 的 UNIQUE 约束，正在升级表结构...
2025-04-15 15:39:51,075 - INFO - remarks 表结构升级完成！
2025-04-15 15:39:51,088 - INFO - 数据库初始化成功
