2025-04-15 20:19:36,713 - INFO - 程序启动，日志文件：log\2025-04-15_20-19-36.log
2025-04-15 20:19:36,713 - INFO - 用户指南文件 UserGuide.txt 已存在，跳过生成
2025-04-15 20:19:36,724 - INFO - remarks 表缺少 transaction_id 的 UNIQUE 约束，正在升级表结构...
2025-04-15 20:19:36,726 - INFO - remarks 表结构升级完成！
2025-04-15 20:19:36,738 - INFO - 默认账户检查 - 用户名: bc, 数据: (1, 'bc', '5dd2b2cbf23d7c2815e7100bcbef2325c1af832ae703b834e8508cbfc595a790', 'admin', None, None)
2025-04-15 20:19:36,744 - INFO - 数据库初始化成功
2025-04-15 20:19:36,874 - INFO - 加载保存的凭据 - 用户名: , 记住我: False
2025-04-15 20:19:36,874 - INFO - 应用窗口标题: 本纯设计
2025-04-15 20:19:36,891 - INFO - 应用窗口图标: D:/bcmanager/logo01.png
2025-04-15 20:19:36,892 - INFO - 读取 Logo 路径: D:/bcmanager/logo.png
2025-04-15 20:19:36,905 - INFO - 应用新 Logo: D:/bcmanager/logo.png
2025-04-15 20:20:04,772 - INFO - 保存窗口标题: 本纯设计
2025-04-15 20:20:04,773 - INFO - 用户表记录数: 1
2025-04-15 20:20:04,893 - INFO - 更新用户记录，影响行数: 1, 新用户名: bc
2025-04-15 20:20:12,139 - INFO - 应用窗口标题: 本纯设计
2025-04-15 20:20:12,157 - INFO - 应用窗口图标: D:/bcmanager/logo01.png
2025-04-15 20:20:12,157 - INFO - 读取 Logo 路径: D:/bcmanager/logo.png
2025-04-15 20:20:12,158 - INFO - 应用新 Logo: D:/bcmanager/logo.png
2025-04-15 20:20:19,419 - INFO - 登录尝试 - 用户名: bc
2025-04-15 20:20:19,420 - INFO - 验证结果: True
2025-04-15 20:20:19,874 - INFO - remarks 表缺少 transaction_id 的 UNIQUE 约束，正在升级表结构...
2025-04-15 20:20:19,876 - INFO - remarks 表结构升级完成！
2025-04-15 20:20:19,885 - INFO - 默认账户检查 - 用户名: bc, 数据: (1, 'bc', '8d969eef6ecad3c29a3a629280e686cf0c3f5d5a86aff3ca12020c923adc6c92', 'admin', '你的名字是什么？', '018a745d89ae6ae8a03db158b49513b36eda7ec919adc2cc00a705eb5359bf46')
2025-04-15 20:20:19,890 - INFO - 数据库初始化成功
