2025-04-14 19:24:00,079 - INFO - 程序启动，日志文件：log\2025-04-14_19-24-00.log
2025-04-14 19:24:00,090 - INFO - remarks 表缺少 transaction_id 的 UNIQUE 约束，正在升级表结构...
2025-04-14 19:24:00,092 - INFO - remarks 表结构升级完成！
2025-04-14 19:24:00,104 - INFO - 数据库初始化成功
2025-04-14 19:24:02,317 - INFO - remarks 表缺少 transaction_id 的 UNIQUE 约束，正在升级表结构...
2025-04-14 19:24:02,319 - INFO - remarks 表结构升级完成！
2025-04-14 19:24:02,331 - INFO - 数据库初始化成功
2025-04-14 19:24:03,388 - INFO - remarks 表缺少 transaction_id 的 UNIQUE 约束，正在升级表结构...
2025-04-14 19:24:03,389 - INFO - remarks 表结构升级完成！
2025-04-14 19:24:03,403 - INFO - 数据库初始化成功
2025-04-14 19:24:04,191 - INFO - Opening monthly window for 2025-3
2025-04-14 19:24:04,192 - INFO - remarks 表缺少 transaction_id 的 UNIQUE 约束，正在升级表结构...
2025-04-14 19:24:04,193 - INFO - remarks 表结构升级完成！
2025-04-14 19:24:04,206 - INFO - 数据库初始化成功
2025-04-14 19:24:08,943 - INFO - Editing transaction with id 10
2025-04-14 19:24:13,743 - INFO - Editing transaction with id 9
2025-04-14 19:24:16,463 - INFO - Editing transaction with id 12
2025-04-14 19:24:22,884 - INFO - Calling update_transaction with: id=12, amount=5000.0, type=收入, payment_method=对公账户, stage=第一阶段
2025-04-14 19:24:22,884 - INFO - Updating transaction with: transaction_id=12, amount=5000.0, trans_type=收入, payment_method=对公账户, stage=第一阶段
2025-04-14 19:24:22,889 - INFO - Transaction 12 updated successfully
2025-04-14 19:24:22,889 - INFO - update_transaction result: (True, '收入', '收入', '第四阶段')
2025-04-14 19:24:22,890 - INFO - 快捷方式删除成功: 项目资料\2025年\03月\转笔刀设计（第四阶段）.lnk
2025-04-14 19:24:22,891 - INFO - 创建快捷方式: project_name=转笔刀设计, original_path=项目资料\2024年\01月\转笔刀设计
2025-04-14 19:24:22,891 - INFO - Ensured base_path exists: 项目资料\2025年\03月
2025-04-14 19:24:22,922 - INFO - 快捷方式创建成功: 项目资料\2025年\03月\转笔刀设计（第一阶段）.lnk, 目标路径: D:\bcmanager\项目资料\2024年\01月\转笔刀设计
2025-04-14 19:24:22,923 - INFO - Created styled message box: title=成功, text=收支记录修改成功！, width=400
2025-04-14 19:24:27,727 - INFO - Editing transaction with id 12
