2025-04-15 21:01:56,811 - INFO - 程序启动，日志文件：log\2025-04-15_21-01-56.log
2025-04-15 21:01:56,812 - INFO - 用户指南文件 UserGuide.txt 已存在，跳过生成
2025-04-15 21:01:56,822 - WARNING - users 表中有 2 条记录，正在清理多余记录...
2025-04-15 21:01:56,823 - INFO - 已清理 users 表多余记录
2025-04-15 21:01:56,823 - INFO - remarks 表缺少 transaction_id 的 UNIQUE 约束，正在升级表结构...
2025-04-15 21:01:56,825 - INFO - remarks 表结构升级完成！
2025-04-15 21:01:56,833 - INFO - 默认账户检查 - 用户名: bc, 数据: (54, 'bc', '5dd2b2cbf23d7c2815e7100bcbef2325c1af832ae703b834e8508cbfc595a790', 'admin', None, None)
2025-04-15 21:01:56,838 - INFO - 数据库初始化成功
2025-04-15 21:01:56,966 - INFO - 加载保存的凭据 - 用户名: , 记住我: False
2025-04-15 21:01:56,967 - INFO - 应用窗口标题: 本纯设计
2025-04-15 21:01:56,983 - INFO - 应用窗口图标: D:/bcmanager/logo01.png
2025-04-15 21:01:56,983 - INFO - 读取 Logo 路径: D:/bcmanager/logo.png
2025-04-15 21:01:56,996 - INFO - 应用新 Logo: D:/bcmanager/logo.png
2025-04-15 21:02:04,401 - INFO - 验证安全答案 - 用户输入答案哈希: 373bb7ad713084c2eb02759c4bd5c6fd08a9a62ff5f61bba02a2153ba6fbb8de, 数据库存储答案哈希: 373bb7ad713084c2eb02759c4bd5c6fd08a9a62ff5f61bba02a2153ba6fbb8de
2025-04-15 21:02:58,990 - ERROR - 密码重置失败: UNIQUE constraint failed: users.username
2025-04-15 21:03:21,943 - INFO - 保存窗口标题: 本纯设计
2025-04-15 21:03:21,944 - INFO - 用户表记录数: 2
2025-04-15 21:03:21,945 - INFO - 保存安全问题 - 问题: 你最喜欢的颜色是什么？, 答案哈希: 789f61dbfcc7a2d21a5a9b3ef23d0dbac2aee42a2b91d65baaeb20a94f3152ab
2025-04-15 21:12:04,909 - ERROR - 更新账号密码失败: UNIQUE constraint failed: users.username
2025-04-15 21:12:05,902 - INFO - 应用窗口标题: 本纯设计
2025-04-15 21:12:05,920 - INFO - 应用窗口图标: D:/bcmanager/logo01.png
2025-04-15 21:12:05,921 - INFO - 读取 Logo 路径: D:/bcmanager/logo.png
2025-04-15 21:12:05,933 - INFO - 应用新 Logo: D:/bcmanager/logo.png
