2025-04-15 21:17:17,161 - INFO - 程序启动，日志文件：log\2025-04-15_21-17-17.log
2025-04-15 21:17:17,161 - INFO - 用户指南文件 UserGuide.txt 已存在，跳过生成
2025-04-15 21:17:17,171 - INFO - remarks 表缺少 transaction_id 的 UNIQUE 约束，正在升级表结构...
2025-04-15 21:17:17,173 - INFO - remarks 表结构升级完成！
2025-04-15 21:17:17,179 - INFO - 默认账户检查 - 用户名: bc, 数据: None
2025-04-15 21:17:17,183 - INFO - 数据库初始化成功
2025-04-15 21:17:17,312 - INFO - 加载保存的凭据 - 用户名: , 记住我: False
2025-04-15 21:17:17,312 - INFO - 应用窗口标题: 本纯设计
2025-04-15 21:17:17,328 - INFO - 应用窗口图标: D:/bcmanager/logo01.png
2025-04-15 21:17:17,329 - INFO - 读取 Logo 路径: D:/bcmanager/logo.png
2025-04-15 21:17:17,340 - INFO - 应用新 Logo: D:/bcmanager/logo.png
2025-04-15 21:17:22,238 - INFO - 验证安全答案 - 用户输入答案哈希: 56a38e48f0b1aa636af8d371a997859834cca8dd1997824c354388b108121783, 数据库存储答案哈希: 56a38e48f0b1aa636af8d371a997859834cca8dd1997824c354388b108121783
2025-04-15 21:17:22,241 - INFO - 用户 小梅 密码已重置为默认值
2025-04-15 21:17:31,796 - INFO - 登录尝试 - 用户名: hgg
2025-04-15 21:17:31,797 - INFO - 验证结果: False
2025-04-15 21:17:38,084 - INFO - 登录尝试 - 用户名: bc
2025-04-15 21:17:38,084 - INFO - 验证结果: True
2025-04-15 21:17:38,498 - INFO - remarks 表缺少 transaction_id 的 UNIQUE 约束，正在升级表结构...
2025-04-15 21:17:38,501 - INFO - remarks 表结构升级完成！
2025-04-15 21:17:38,505 - INFO - 默认账户检查 - 用户名: bc, 数据: (1, 'bc', '5dd2b2cbf23d7c2815e7100bcbef2325c1af832ae703b834e8508cbfc595a790', 'admin', '你的名字是什么？', '56a38e48f0b1aa636af8d371a997859834cca8dd1997824c354388b108121783')
2025-04-15 21:17:38,509 - INFO - 数据库初始化成功
