2025-04-14 18:42:34,056 - INFO - 程序启动，日志文件：log\2025-04-14_18-42-34.log
2025-04-14 18:42:34,065 - INFO - remarks 表缺少 transaction_id 的 UNIQUE 约束，正在升级表结构...
2025-04-14 18:42:34,067 - INFO - remarks 表结构升级完成！
2025-04-14 18:42:34,080 - INFO - 数据库初始化成功
2025-04-14 18:42:36,082 - INFO - remarks 表缺少 transaction_id 的 UNIQUE 约束，正在升级表结构...
2025-04-14 18:42:36,084 - INFO - remarks 表结构升级完成！
2025-04-14 18:42:36,096 - INFO - 数据库初始化成功
2025-04-14 18:42:45,216 - INFO - remarks 表缺少 transaction_id 的 UNIQUE 约束，正在升级表结构...
2025-04-14 18:42:45,218 - INFO - remarks 表结构升级完成！
2025-04-14 18:42:45,230 - INFO - 数据库初始化成功
2025-04-14 18:42:57,723 - INFO - Accepted item: 马克笔套装
2025-04-14 18:43:10,361 - INFO - Created styled message box: title=确认创建, text=项目名称: 马克笔套装
阶段: 第四阶段
金额: 5000.0
类型: 收入
支付方式: 对私账户, width=500
2025-04-14 18:43:10,908 - INFO - 创建快捷方式: project_name=马克笔套装, original_path=项目资料\2024年\02月\马克笔套装
2025-04-14 18:43:10,909 - INFO - Ensured base_path exists: 项目资料\2025年\02月
2025-04-14 18:43:11,059 - INFO - 快捷方式创建成功: 项目资料\2025年\02月\马克笔套装（第四阶段）.lnk, 目标路径: D:\bcmanager\项目资料\2024年\02月\马克笔套装
2025-04-14 18:43:11,060 - INFO - Created styled message box: title=成功, text=收支记录创建成功！, width=400
2025-04-14 18:43:29,628 - INFO - Setting transaction status: transaction_id=7, status=已结项
2025-04-14 18:43:29,632 - INFO - Transaction 7 status updated to 已结项
2025-04-14 18:43:29,633 - INFO - Transaction 7 status updated to 已结项, UI updated
