2025-04-14 19:05:59,332 - INFO - 程序启动，日志文件：log\2025-04-14_19-05-59.log
2025-04-14 19:05:59,348 - INFO - remarks 表缺少 transaction_id 的 UNIQUE 约束，正在升级表结构...
2025-04-14 19:05:59,350 - INFO - remarks 表结构升级完成！
2025-04-14 19:05:59,362 - INFO - 数据库初始化成功
2025-04-14 19:06:01,380 - INFO - remarks 表缺少 transaction_id 的 UNIQUE 约束，正在升级表结构...
2025-04-14 19:06:01,381 - INFO - remarks 表结构升级完成！
2025-04-14 19:06:01,395 - INFO - 数据库初始化成功
2025-04-14 19:06:04,349 - INFO - remarks 表缺少 transaction_id 的 UNIQUE 约束，正在升级表结构...
2025-04-14 19:06:04,351 - INFO - remarks 表结构升级完成！
2025-04-14 19:06:04,364 - INFO - 数据库初始化成功
2025-04-14 19:06:06,091 - INFO - Opening monthly window for 2025-2
2025-04-14 19:06:06,091 - INFO - remarks 表缺少 transaction_id 的 UNIQUE 约束，正在升级表结构...
2025-04-14 19:06:06,093 - INFO - remarks 表结构升级完成！
2025-04-14 19:06:06,106 - INFO - 数据库初始化成功
2025-04-14 19:06:08,451 - INFO - Opening monthly window for 2025-3
2025-04-14 19:06:08,452 - INFO - remarks 表缺少 transaction_id 的 UNIQUE 约束，正在升级表结构...
2025-04-14 19:06:08,452 - INFO - remarks 表结构升级完成！
2025-04-14 19:06:08,465 - INFO - 数据库初始化成功
2025-04-14 19:06:23,232 - INFO - Created styled message box: title=确认创建, text=项目名称: 拉杆音箱设计
金额: 6500.0
类型: 收入
支付方式: 微信, width=500
2025-04-14 19:06:25,355 - INFO - 文件夹创建成功: 项目资料\2025年\03月\拉杆音箱设计
2025-04-14 19:06:25,355 - INFO - Created styled message box: title=成功, text=收支记录创建成功！, width=400
2025-04-14 19:06:33,715 - INFO - Editing transaction with id 9
2025-04-14 19:06:37,935 - INFO - Calling update_transaction with: id=9, amount=8500.0, type=收入, payment_method=微信, stage=None
2025-04-14 19:06:37,935 - INFO - Updating transaction with: transaction_id=9, amount=8500.0, trans_type=收入, payment_method=微信, stage=None
2025-04-14 19:06:37,939 - INFO - Transaction 9 updated successfully
2025-04-14 19:06:37,939 - INFO - update_transaction result: (True, '收入', '收入', None)
2025-04-14 19:06:37,940 - INFO - Created styled message box: title=成功, text=收支记录修改成功！, width=400
2025-04-14 19:06:58,712 - INFO - Created styled message box: title=确认创建, text=项目名称: 头盔设计
金额: 8000.0
类型: 收入
支付方式: 对公账户, width=500
2025-04-14 19:06:59,866 - INFO - 文件夹创建成功: 项目资料\2025年\03月\头盔设计
2025-04-14 19:06:59,866 - INFO - Created styled message box: title=成功, text=收支记录创建成功！, width=400
2025-04-14 19:07:30,894 - INFO - Created styled message box: title=确认创建, text=项目名称: 电动车尾箱逆向与结构设计
金额: 12000.0
类型: 收入
支付方式: 对公账户, width=500
2025-04-14 19:07:31,897 - INFO - 文件夹创建成功: 项目资料\2025年\03月\电动车尾箱逆向与结构设计
2025-04-14 19:07:31,898 - INFO - Created styled message box: title=成功, text=收支记录创建成功！, width=400
2025-04-14 19:07:54,178 - INFO - Accepted item: 转笔刀设计
2025-04-14 19:08:01,103 - INFO - Created styled message box: title=确认创建, text=项目名称: 转笔刀设计
阶段: 第四阶段
金额: 5000.0
类型: 收入
支付方式: 对公账户, width=500
2025-04-14 19:08:01,611 - INFO - 创建快捷方式: project_name=转笔刀设计, original_path=项目资料\2024年\01月\转笔刀设计
2025-04-14 19:08:01,611 - INFO - Ensured base_path exists: 项目资料\2025年\03月
2025-04-14 19:08:01,642 - INFO - 快捷方式创建成功: 项目资料\2025年\03月\转笔刀设计（第四阶段）.lnk, 目标路径: D:\bcmanager\项目资料\2024年\01月\转笔刀设计
2025-04-14 19:08:01,643 - INFO - Created styled message box: title=成功, text=收支记录创建成功！, width=400
2025-04-14 19:08:04,235 - INFO - Setting transaction status: transaction_id=12, status=已结项
2025-04-14 19:08:04,239 - INFO - Transaction 12 status updated to 已结项
2025-04-14 19:08:04,241 - INFO - Transaction 12 status updated to 已结项, UI updated
2025-04-14 19:08:21,469 - INFO - Created styled message box: title=确认创建, text=项目名称: 鱼峰工资
金额: 7000.0
类型: 支出
支付方式: 支付宝, width=500
2025-04-14 19:08:22,143 - INFO - Created styled message box: title=成功, text=收支记录创建成功！, width=400
2025-04-14 19:08:25,258 - INFO - Item changed: row=0, column=0, text=
2025-04-14 19:08:25,259 - INFO - Item changed: row=0, column=2, text=0
2025-04-14 19:08:30,962 - INFO - Item changed: row=0, column=0, text=奶瓶设计
2025-04-14 19:08:32,971 - INFO - Item changed: row=0, column=2, text=500
2025-04-14 19:08:36,680 - INFO - Calculated details_total for transaction_id=13: 500.0
2025-04-14 19:08:36,684 - INFO - Saving details: transaction_id=13, initial_amount=7000.0, details_total=500.0, new_amount=7500.0
2025-04-14 19:08:36,684 - INFO - Calling parent.load_transactions()
2025-04-14 19:08:47,913 - INFO - Editing transaction with id 13
2025-04-14 19:08:54,569 - INFO - Editing transaction with id 13
2025-04-14 19:09:03,313 - INFO - Editing transaction with id 13
2025-04-14 19:09:30,735 - INFO - Created styled message box: title=确认创建, text=项目名称: 小青工资
金额: 8000.0
类型: 支出
支付方式: 支付宝, width=500
2025-04-14 19:09:31,503 - INFO - Created styled message box: title=成功, text=收支记录创建成功！, width=400
2025-04-14 19:09:36,441 - INFO - Editing transaction with id 14
2025-04-14 19:09:41,073 - INFO - Editing transaction with id 10
2025-04-14 19:09:44,064 - INFO - Editing transaction with id 12
2025-04-14 19:09:47,385 - INFO - Editing transaction with id 10
2025-04-14 19:09:59,041 - INFO - Editing transaction with id 10
