2025-04-15 21:16:02,386 - INFO - 程序启动，日志文件：log\2025-04-15_21-16-02.log
2025-04-15 21:16:02,387 - INFO - 用户指南文件 UserGuide.txt 已存在，跳过生成
2025-04-15 21:16:02,396 - INFO - remarks 表缺少 transaction_id 的 UNIQUE 约束，正在升级表结构...
2025-04-15 21:16:02,398 - INFO - remarks 表结构升级完成！
2025-04-15 21:16:02,403 - INFO - 默认账户检查 - 用户名: bc, 数据: None
2025-04-15 21:16:02,407 - INFO - 数据库初始化成功
2025-04-15 21:16:02,536 - INFO - 加载保存的凭据 - 用户名: , 记住我: False
2025-04-15 21:16:02,536 - INFO - 应用窗口标题: 本纯设计
2025-04-15 21:16:02,553 - INFO - 应用窗口图标: D:/bcmanager/logo01.png
2025-04-15 21:16:02,553 - INFO - 读取 Logo 路径: D:/bcmanager/logo.png
2025-04-15 21:16:02,565 - INFO - 应用新 Logo: D:/bcmanager/logo.png
2025-04-15 21:16:07,607 - INFO - 验证安全答案 - 用户输入答案哈希: 46ee1be892e9c37712e46f7375aa38c1af37eca57cd072b780b41bd2e9fe5518, 数据库存储答案哈希: 46ee1be892e9c37712e46f7375aa38c1af37eca57cd072b780b41bd2e9fe5518
2025-04-15 21:16:07,613 - INFO - 用户 hgg 密码已重置为默认值
2025-04-15 21:16:15,637 - INFO - 登录尝试 - 用户名: hgg
2025-04-15 21:16:15,638 - INFO - 验证结果: False
2025-04-15 21:16:22,085 - INFO - 登录尝试 - 用户名: bc
2025-04-15 21:16:22,086 - INFO - 验证结果: True
2025-04-15 21:16:22,500 - INFO - remarks 表缺少 transaction_id 的 UNIQUE 约束，正在升级表结构...
2025-04-15 21:16:22,501 - INFO - remarks 表结构升级完成！
2025-04-15 21:16:22,505 - INFO - 默认账户检查 - 用户名: bc, 数据: (1, 'bc', '5dd2b2cbf23d7c2815e7100bcbef2325c1af832ae703b834e8508cbfc595a790', 'admin', '你最喜欢的电影是什么？', '46ee1be892e9c37712e46f7375aa38c1af37eca57cd072b780b41bd2e9fe5518')
2025-04-15 21:16:22,510 - INFO - 数据库初始化成功
