2025-04-14 22:06:19,758 - INFO - 程序启动，日志文件：log\2025-04-14_22-06-19.log
2025-04-14 22:06:19,768 - INFO - remarks 表缺少 transaction_id 的 UNIQUE 约束，正在升级表结构...
2025-04-14 22:06:19,770 - INFO - remarks 表结构升级完成！
2025-04-14 22:06:19,785 - INFO - 数据库初始化成功
2025-04-14 22:06:21,492 - INFO - remarks 表缺少 transaction_id 的 UNIQUE 约束，正在升级表结构...
2025-04-14 22:06:21,494 - INFO - remarks 表结构升级完成！
2025-04-14 22:06:21,537 - INFO - 数据库初始化成功
2025-04-14 22:06:22,404 - INFO - remarks 表缺少 transaction_id 的 UNIQUE 约束，正在升级表结构...
2025-04-14 22:06:22,406 - INFO - remarks 表结构升级完成！
2025-04-14 22:06:22,449 - INFO - 数据库初始化成功
2025-04-14 22:06:23,695 - INFO - Opening monthly window for 2025-3
2025-04-14 22:06:23,696 - INFO - remarks 表缺少 transaction_id 的 UNIQUE 约束，正在升级表结构...
2025-04-14 22:06:23,698 - INFO - remarks 表结构升级完成！
2025-04-14 22:06:23,741 - INFO - 数据库初始化成功
2025-04-14 22:06:25,519 - INFO - Editing transaction with id 12
2025-04-14 22:06:29,059 - INFO - Calling update_transaction with: id=12, amount=5000.0, type=收入, payment_method=对公账户, stage=
2025-04-14 22:06:29,060 - INFO - Updating transaction with: transaction_id=12, amount=5000.0, trans_type=收入, payment_method=对公账户, stage=
2025-04-14 22:06:29,098 - INFO - Transaction 12 updated successfully
2025-04-14 22:06:29,099 - INFO - update_transaction result: (True, '收入', '收入', '第二阶段')
2025-04-14 22:06:29,100 - INFO - Created styled message box: title=成功, text=收支记录修改成功！, width=400
2025-04-14 22:06:34,240 - INFO - Editing transaction with id 12
