2025-04-15 20:31:14,656 - INFO - 程序启动，日志文件：log\2025-04-15_20-31-14.log
2025-04-15 20:31:14,656 - INFO - 用户指南文件 UserGuide.txt 已存在，跳过生成
2025-04-15 20:31:14,668 - INFO - remarks 表缺少 transaction_id 的 UNIQUE 约束，正在升级表结构...
2025-04-15 20:31:14,669 - INFO - remarks 表结构升级完成！
2025-04-15 20:31:14,679 - INFO - 默认账户检查 - 用户名: bc, 数据: (1, 'bc', '5dd2b2cbf23d7c2815e7100bcbef2325c1af832ae703b834e8508cbfc595a790', 'admin', '你的名字是什么？', '018a745d89ae6ae8a03db158b49513b36eda7ec919adc2cc00a705eb5359bf46')
2025-04-15 20:31:14,682 - INFO - 数据库初始化成功
2025-04-15 20:31:14,810 - INFO - 加载保存的凭据 - 用户名: , 记住我: False
2025-04-15 20:31:14,811 - INFO - 应用窗口标题: 本纯设计
2025-04-15 20:31:14,826 - INFO - 应用窗口图标: D:/bcmanager/logo01.png
2025-04-15 20:31:14,828 - INFO - 读取 Logo 路径: D:/bcmanager/logo.png
2025-04-15 20:31:14,840 - INFO - 应用新 Logo: D:/bcmanager/logo.png
2025-04-15 20:31:54,005 - INFO - 保存窗口标题: 本纯设计
2025-04-15 20:31:54,005 - INFO - 用户表记录数: 1
2025-04-15 20:31:54,007 - INFO - 更新用户记录，影响行数: 1, 新用户名: 黄哥哥
2025-04-15 20:31:57,604 - INFO - 应用窗口标题: 本纯设计
2025-04-15 20:31:57,622 - INFO - 应用窗口图标: D:/bcmanager/logo01.png
2025-04-15 20:31:57,622 - INFO - 读取 Logo 路径: D:/bcmanager/logo.png
2025-04-15 20:31:57,622 - INFO - 应用新 Logo: D:/bcmanager/logo.png
2025-04-15 20:32:07,571 - INFO - 登录尝试 - 用户名: 黄哥哥
2025-04-15 20:32:07,573 - INFO - 验证结果: True
2025-04-15 20:32:07,994 - INFO - remarks 表缺少 transaction_id 的 UNIQUE 约束，正在升级表结构...
2025-04-15 20:32:07,995 - INFO - remarks 表结构升级完成！
2025-04-15 20:32:08,002 - INFO - 默认账户检查 - 用户名: bc, 数据: (39, 'bc', '5dd2b2cbf23d7c2815e7100bcbef2325c1af832ae703b834e8508cbfc595a790', 'admin', None, None)
2025-04-15 20:32:08,007 - INFO - 数据库初始化成功
