2025-04-15 21:13:59,480 - INFO - 程序启动，日志文件：log\2025-04-15_21-13-59.log
2025-04-15 21:13:59,480 - INFO - 用户指南文件 UserGuide.txt 已存在，跳过生成
2025-04-15 21:13:59,491 - INFO - remarks 表缺少 transaction_id 的 UNIQUE 约束，正在升级表结构...
2025-04-15 21:13:59,493 - INFO - remarks 表结构升级完成！
2025-04-15 21:13:59,498 - INFO - 默认账户检查 - 用户名: bc, 数据: (1, 'bc', '8d969eef6ecad3c29a3a629280e686cf0c3f5d5a86aff3ca12020c923adc6c92', 'admin', '你的名字是什么？', '018a745d89ae6ae8a03db158b49513b36eda7ec919adc2cc00a705eb5359bf46')
2025-04-15 21:13:59,503 - INFO - 数据库初始化成功
2025-04-15 21:13:59,633 - INFO - 加载保存的凭据 - 用户名: , 记住我: False
2025-04-15 21:13:59,633 - INFO - 应用窗口标题: 本纯设计
2025-04-15 21:13:59,650 - INFO - 应用窗口图标: D:/bcmanager/logo01.png
2025-04-15 21:13:59,650 - INFO - 读取 Logo 路径: D:/bcmanager/logo.png
2025-04-15 21:13:59,662 - INFO - 应用新 Logo: D:/bcmanager/logo.png
2025-04-15 21:14:40,768 - INFO - 保存窗口标题: 本纯设计
2025-04-15 21:14:40,768 - INFO - 用户表记录数: 1
2025-04-15 21:14:40,768 - INFO - 保存安全问题 - 问题: 你的手机号是多少？, 答案哈希: 1417bbbbbbbc6e11d77bde782d6b987b05dc8da7ebf22209c8fe8ed561ccfce4
2025-04-15 21:14:40,769 - INFO - 更新用户记录，影响行数: 1, 新用户名: 黄哥
2025-04-15 21:14:40,774 - INFO - 验证更新 - 数据库安全问题: 你的手机号是多少？, 答案哈希: 1417bbbbbbbc6e11d77bde782d6b987b05dc8da7ebf22209c8fe8ed561ccfce4
2025-04-15 21:14:42,343 - INFO - 应用窗口标题: 本纯设计
2025-04-15 21:14:42,361 - INFO - 应用窗口图标: D:/bcmanager/logo01.png
2025-04-15 21:14:42,361 - INFO - 读取 Logo 路径: D:/bcmanager/logo.png
2025-04-15 21:14:42,362 - INFO - 应用新 Logo: D:/bcmanager/logo.png
2025-04-15 21:14:46,437 - INFO - 登录尝试 - 用户名: 黄哥
2025-04-15 21:14:46,439 - INFO - 验证结果: True
2025-04-15 21:14:46,867 - INFO - remarks 表缺少 transaction_id 的 UNIQUE 约束，正在升级表结构...
2025-04-15 21:14:46,869 - INFO - remarks 表结构升级完成！
2025-04-15 21:14:46,874 - INFO - 默认账户检查 - 用户名: bc, 数据: None
2025-04-15 21:14:46,878 - INFO - 数据库初始化成功
