2025-04-15 21:14:49,692 - INFO - 程序启动，日志文件：log\2025-04-15_21-14-49.log
2025-04-15 21:14:49,692 - INFO - 用户指南文件 UserGuide.txt 已存在，跳过生成
2025-04-15 21:14:49,701 - INFO - remarks 表缺少 transaction_id 的 UNIQUE 约束，正在升级表结构...
2025-04-15 21:14:49,703 - INFO - remarks 表结构升级完成！
2025-04-15 21:14:49,707 - INFO - 默认账户检查 - 用户名: bc, 数据: None
2025-04-15 21:14:49,713 - INFO - 数据库初始化成功
2025-04-15 21:14:49,838 - INFO - 加载保存的凭据 - 用户名: , 记住我: False
2025-04-15 21:14:49,838 - INFO - 应用窗口标题: 本纯设计
2025-04-15 21:14:49,855 - INFO - 应用窗口图标: D:/bcmanager/logo01.png
2025-04-15 21:14:49,855 - INFO - 读取 Logo 路径: D:/bcmanager/logo.png
2025-04-15 21:14:49,867 - INFO - 应用新 Logo: D:/bcmanager/logo.png
2025-04-15 21:15:02,448 - INFO - 验证安全答案 - 用户输入答案哈希: 1417bbbbbbbc6e11d77bde782d6b987b05dc8da7ebf22209c8fe8ed561ccfce4, 数据库存储答案哈希: 1417bbbbbbbc6e11d77bde782d6b987b05dc8da7ebf22209c8fe8ed561ccfce4
2025-04-15 21:15:02,453 - INFO - 用户 黄哥 密码已重置为默认值
2025-04-15 21:15:08,389 - INFO - 登录尝试 - 用户名: 黄哥
2025-04-15 21:15:08,391 - INFO - 验证结果: False
2025-04-15 21:15:16,701 - INFO - 登录尝试 - 用户名: bc
2025-04-15 21:15:16,702 - INFO - 验证结果: True
2025-04-15 21:15:17,110 - INFO - remarks 表缺少 transaction_id 的 UNIQUE 约束，正在升级表结构...
2025-04-15 21:15:17,112 - INFO - remarks 表结构升级完成！
2025-04-15 21:15:17,117 - INFO - 默认账户检查 - 用户名: bc, 数据: (1, 'bc', '5dd2b2cbf23d7c2815e7100bcbef2325c1af832ae703b834e8508cbfc595a790', 'admin', '你的手机号是多少？', '1417bbbbbbbc6e11d77bde782d6b987b05dc8da7ebf22209c8fe8ed561ccfce4')
2025-04-15 21:15:17,120 - INFO - 数据库初始化成功
