2025-04-15 19:30:27,942 - INFO - 程序启动，日志文件：log\2025-04-15_19-30-27.log
2025-04-15 19:30:27,942 - INFO - 用户指南文件 UserGuide.txt 已存在，跳过生成
2025-04-15 19:30:27,954 - INFO - users 表缺少 security_question 列，正在升级表结构...
2025-04-15 19:30:27,955 - INFO - users 表结构升级完成！
2025-04-15 19:30:27,955 - INFO - users 表缺少 security_answer 列，正在升级表结构...
2025-04-15 19:30:27,956 - INFO - users 表结构升级完成！
2025-04-15 19:30:27,956 - INFO - remarks 表缺少 transaction_id 的 UNIQUE 约束，正在升级表结构...
2025-04-15 19:30:27,957 - INFO - remarks 表结构升级完成！
2025-04-15 19:30:27,962 - ERROR - 数据库初始化失败: near "security_question": syntax error
Traceback (most recent call last):
  File "d:\bcmanager\database\db_manager.py", line 291, in init_database
    cursor.executescript(schema)
sqlite3.OperationalError: near "security_question": syntax error

2025-04-15 19:30:27,962 - ERROR - 数据库初始化失败: near "security_question": syntax error
Traceback (most recent call last):
  File "d:\bcmanager\database\db_manager.py", line 119, in __init__
    self.init_database()
  File "d:\bcmanager\database\db_manager.py", line 291, in init_database
    cursor.executescript(schema)
sqlite3.OperationalError: near "security_question": syntax error

