2025-04-15 21:15:19,792 - INFO - 程序启动，日志文件：log\2025-04-15_21-15-19.log
2025-04-15 21:15:19,792 - INFO - 用户指南文件 UserGuide.txt 已存在，跳过生成
2025-04-15 21:15:19,803 - INFO - remarks 表缺少 transaction_id 的 UNIQUE 约束，正在升级表结构...
2025-04-15 21:15:19,805 - INFO - remarks 表结构升级完成！
2025-04-15 21:15:19,809 - INFO - 默认账户检查 - 用户名: bc, 数据: (1, 'bc', '5dd2b2cbf23d7c2815e7100bcbef2325c1af832ae703b834e8508cbfc595a790', 'admin', '你的手机号是多少？', '1417bbbbbbbc6e11d77bde782d6b987b05dc8da7ebf22209c8fe8ed561ccfce4')
2025-04-15 21:15:19,813 - INFO - 数据库初始化成功
2025-04-15 21:15:19,937 - INFO - 加载保存的凭据 - 用户名: , 记住我: False
2025-04-15 21:15:19,937 - INFO - 应用窗口标题: 本纯设计
2025-04-15 21:15:19,953 - INFO - 应用窗口图标: D:/bcmanager/logo01.png
2025-04-15 21:15:19,953 - INFO - 读取 Logo 路径: D:/bcmanager/logo.png
2025-04-15 21:15:19,966 - INFO - 应用新 Logo: D:/bcmanager/logo.png
2025-04-15 21:15:50,151 - INFO - 保存窗口标题: 本纯设计
2025-04-15 21:15:50,152 - INFO - 用户表记录数: 1
2025-04-15 21:15:50,152 - INFO - 保存安全问题 - 问题: 你最喜欢的电影是什么？, 答案哈希: 46ee1be892e9c37712e46f7375aa38c1af37eca57cd072b780b41bd2e9fe5518
2025-04-15 21:15:50,153 - INFO - 更新用户记录，影响行数: 1, 新用户名: hgg
2025-04-15 21:15:50,157 - INFO - 验证更新 - 数据库安全问题: 你最喜欢的电影是什么？, 答案哈希: 46ee1be892e9c37712e46f7375aa38c1af37eca57cd072b780b41bd2e9fe5518
2025-04-15 21:15:51,711 - INFO - 应用窗口标题: 本纯设计
2025-04-15 21:15:51,728 - INFO - 应用窗口图标: D:/bcmanager/logo01.png
2025-04-15 21:15:51,729 - INFO - 读取 Logo 路径: D:/bcmanager/logo.png
2025-04-15 21:15:51,729 - INFO - 应用新 Logo: D:/bcmanager/logo.png
2025-04-15 21:15:58,749 - INFO - 登录尝试 - 用户名: hgg
2025-04-15 21:15:58,750 - INFO - 验证结果: True
2025-04-15 21:15:59,172 - INFO - remarks 表缺少 transaction_id 的 UNIQUE 约束，正在升级表结构...
2025-04-15 21:15:59,174 - INFO - remarks 表结构升级完成！
2025-04-15 21:15:59,179 - INFO - 默认账户检查 - 用户名: bc, 数据: None
2025-04-15 21:15:59,183 - INFO - 数据库初始化成功
