2025-04-15 21:16:25,177 - INFO - 程序启动，日志文件：log\2025-04-15_21-16-25.log
2025-04-15 21:16:25,178 - INFO - 用户指南文件 UserGuide.txt 已存在，跳过生成
2025-04-15 21:16:25,188 - INFO - remarks 表缺少 transaction_id 的 UNIQUE 约束，正在升级表结构...
2025-04-15 21:16:25,190 - INFO - remarks 表结构升级完成！
2025-04-15 21:16:25,195 - INFO - 默认账户检查 - 用户名: bc, 数据: (1, 'bc', '5dd2b2cbf23d7c2815e7100bcbef2325c1af832ae703b834e8508cbfc595a790', 'admin', '你最喜欢的电影是什么？', '46ee1be892e9c37712e46f7375aa38c1af37eca57cd072b780b41bd2e9fe5518')
2025-04-15 21:16:25,201 - INFO - 数据库初始化成功
2025-04-15 21:16:25,335 - INFO - 加载保存的凭据 - 用户名: , 记住我: False
2025-04-15 21:16:25,335 - INFO - 应用窗口标题: 本纯设计
2025-04-15 21:16:25,351 - INFO - 应用窗口图标: D:/bcmanager/logo01.png
2025-04-15 21:16:25,351 - INFO - 读取 Logo 路径: D:/bcmanager/logo.png
2025-04-15 21:16:25,364 - INFO - 应用新 Logo: D:/bcmanager/logo.png
2025-04-15 21:16:57,479 - INFO - 保存窗口标题: 本纯设计
2025-04-15 21:16:57,479 - INFO - 用户表记录数: 1
2025-04-15 21:16:57,480 - INFO - 保存安全问题 - 问题: 你的名字是什么？, 答案哈希: 56a38e48f0b1aa636af8d371a997859834cca8dd1997824c354388b108121783
2025-04-15 21:16:57,481 - INFO - 更新用户记录，影响行数: 1, 新用户名: 小梅
2025-04-15 21:16:57,485 - INFO - 验证更新 - 数据库安全问题: 你的名字是什么？, 答案哈希: 56a38e48f0b1aa636af8d371a997859834cca8dd1997824c354388b108121783
2025-04-15 21:16:59,062 - INFO - 应用窗口标题: 本纯设计
2025-04-15 21:16:59,080 - INFO - 应用窗口图标: D:/bcmanager/logo01.png
2025-04-15 21:16:59,080 - INFO - 读取 Logo 路径: D:/bcmanager/logo.png
2025-04-15 21:16:59,080 - INFO - 应用新 Logo: D:/bcmanager/logo.png
2025-04-15 21:17:03,428 - INFO - 登录尝试 - 用户名: bc
2025-04-15 21:17:03,430 - INFO - 验证结果: False
2025-04-15 21:17:14,003 - INFO - 登录尝试 - 用户名: 小梅
2025-04-15 21:17:14,005 - INFO - 验证结果: True
2025-04-15 21:17:14,417 - INFO - remarks 表缺少 transaction_id 的 UNIQUE 约束，正在升级表结构...
2025-04-15 21:17:14,419 - INFO - remarks 表结构升级完成！
2025-04-15 21:17:14,423 - INFO - 默认账户检查 - 用户名: bc, 数据: None
2025-04-15 21:17:14,428 - INFO - 数据库初始化成功
