2025-04-14 18:43:57,203 - INFO - 程序启动，日志文件：log\2025-04-14_18-43-57.log
2025-04-14 18:43:57,214 - INFO - remarks 表缺少 transaction_id 的 UNIQUE 约束，正在升级表结构...
2025-04-14 18:43:57,215 - INFO - remarks 表结构升级完成！
2025-04-14 18:43:57,228 - INFO - 数据库初始化成功
2025-04-14 18:43:59,448 - INFO - remarks 表缺少 transaction_id 的 UNIQUE 约束，正在升级表结构...
2025-04-14 18:43:59,449 - INFO - remarks 表结构升级完成！
2025-04-14 18:43:59,461 - INFO - 数据库初始化成功
2025-04-14 18:44:00,404 - INFO - remarks 表缺少 transaction_id 的 UNIQUE 约束，正在升级表结构...
2025-04-14 18:44:00,406 - INFO - remarks 表结构升级完成！
2025-04-14 18:44:00,418 - INFO - 数据库初始化成功
2025-04-14 18:44:01,633 - INFO - Opening monthly window for 2024-1
2025-04-14 18:44:01,635 - INFO - remarks 表缺少 transaction_id 的 UNIQUE 约束，正在升级表结构...
2025-04-14 18:44:01,636 - INFO - remarks 表结构升级完成！
2025-04-14 18:44:01,647 - INFO - 数据库初始化成功
2025-04-14 18:44:11,840 - INFO - Created styled message box: title=确认创建, text=项目名称: 转笔刀设计
金额: 9000.0
类型: 收入
支付方式: 微信, width=500
2025-04-14 18:44:13,649 - INFO - 文件夹创建成功: 项目资料\2024年\01月\转笔刀设计
2025-04-14 18:44:13,650 - INFO - Created styled message box: title=成功, text=收支记录创建成功！, width=400
