2025-04-15 21:12:55,862 - INFO - 程序启动，日志文件：log\2025-04-15_21-12-55.log
2025-04-15 21:12:55,862 - INFO - 用户指南文件 UserGuide.txt 已存在，跳过生成
2025-04-15 21:12:55,872 - INFO - 未找到初始数据库文件 project_accounting.db，将创建新数据库
2025-04-15 21:12:55,872 - INFO - 创建数据库文件：d:\bcmanager\project_accounting.db
2025-04-15 21:12:55,899 - INFO - 默认账户检查 - 用户名: bc, 数据: None
2025-04-15 21:12:55,911 - INFO - 数据库初始化成功
2025-04-15 21:13:46,417 - INFO - 用户表记录数: 0
2025-04-15 21:13:46,417 - INFO - 保存安全问题 - 问题: 你的名字是什么？, 答案哈希: 018a745d89ae6ae8a03db158b49513b36eda7ec919adc2cc00a705eb5359bf46
2025-04-15 21:13:46,418 - INFO - 插入新用户: bc
2025-04-15 21:13:46,423 - INFO - 验证更新 - 数据库安全问题: 你的名字是什么？, 答案哈希: 018a745d89ae6ae8a03db158b49513b36eda7ec919adc2cc00a705eb5359bf46
2025-04-15 21:13:48,306 - INFO - 加载保存的凭据 - 用户名: , 记住我: False
2025-04-15 21:13:48,307 - INFO - 应用窗口标题: 本纯设计
2025-04-15 21:13:48,324 - INFO - 应用窗口图标: D:/bcmanager/logo01.png
2025-04-15 21:13:48,325 - INFO - 读取 Logo 路径: D:/bcmanager/logo.png
2025-04-15 21:13:48,337 - INFO - 应用新 Logo: D:/bcmanager/logo.png
2025-04-15 21:13:53,439 - INFO - 登录尝试 - 用户名: bc
2025-04-15 21:13:53,441 - INFO - 验证结果: True
2025-04-15 21:13:54,761 - INFO - remarks 表缺少 transaction_id 的 UNIQUE 约束，正在升级表结构...
2025-04-15 21:13:54,762 - INFO - remarks 表结构升级完成！
2025-04-15 21:13:54,777 - INFO - 默认账户检查 - 用户名: bc, 数据: (1, 'bc', '8d969eef6ecad3c29a3a629280e686cf0c3f5d5a86aff3ca12020c923adc6c92', 'admin', '你的名字是什么？', '018a745d89ae6ae8a03db158b49513b36eda7ec919adc2cc00a705eb5359bf46')
2025-04-15 21:13:54,780 - INFO - 数据库初始化成功
