2025-04-15 19:43:58,660 - INFO - 程序启动，日志文件：log\2025-04-15_19-43-58.log
2025-04-15 19:43:58,660 - INFO - 用户指南文件 UserGuide.txt 已存在，跳过生成
2025-04-15 19:43:58,671 - INFO - remarks 表缺少 transaction_id 的 UNIQUE 约束，正在升级表结构...
2025-04-15 19:43:58,673 - INFO - remarks 表结构升级完成！
2025-04-15 19:43:58,681 - INFO - 默认账户检查 - 用户名: bc, 数据: (1, 'bc', '5dd2b2cbf23d7c2815e7100bcbef2325c1af832ae703b834e8508cbfc595a790', 'admin', None, None)
2025-04-15 19:43:58,686 - INFO - 数据库初始化成功
2025-04-15 19:43:58,817 - INFO - 加载保存的凭据 - 用户名: ,  记住我: False
2025-04-15 19:43:58,817 - INFO - 应用窗口标题: 本纯设计
2025-04-15 19:43:58,834 - INFO - 应用窗口图标: D:/bcmanager/logo01.png
2025-04-15 19:43:58,835 - INFO - 读取 Logo 路径: D:/bcmanager/logo.png
2025-04-15 19:43:58,847 - INFO - 应用新 Logo: D:/bcmanager/logo.png
2025-04-15 19:44:32,436 - INFO - 保存窗口标题: 本纯设计
2025-04-15 19:44:32,439 - INFO - 应用窗口标题: 本纯设计
2025-04-15 19:44:32,457 - INFO - 应用窗口图标: D:/bcmanager/logo01.png
2025-04-15 19:44:32,458 - INFO - 读取 Logo 路径: D:/bcmanager/logo.png
2025-04-15 19:44:32,458 - INFO - 应用新 Logo: D:/bcmanager/logo.png
2025-04-15 19:47:07,859 - INFO - 保存窗口标题: 本纯设计
2025-04-15 19:47:07,863 - INFO - 应用窗口标题: 本纯设计
2025-04-15 19:47:07,880 - INFO - 应用窗口图标: D:/bcmanager/logo01.png
2025-04-15 19:47:07,880 - INFO - 读取 Logo 路径: D:/bcmanager/logo.png
2025-04-15 19:47:07,893 - INFO - 应用新 Logo: D:/bcmanager/logo.png
