2025-04-15 16:00:39,821 - INFO - 程序启动，日志文件：log\2025-04-15_16-00-39.log
2025-04-15 16:00:39,836 - INFO - remarks 表缺少 transaction_id 的 UNIQUE 约束，正在升级表结构...
2025-04-15 16:00:39,837 - INFO - remarks 表结构升级完成！
2025-04-15 16:00:39,838 - INFO - 用户 bc 的密码已从明文升级为哈希值
2025-04-15 16:00:39,850 - INFO - 数据库初始化成功
2025-04-15 16:00:40,000 - INFO - 应用窗口标题: 小梅梅设计
2025-04-15 16:00:40,020 - INFO - 应用窗口图标: D:/bcmanager/l/logo.png
2025-04-15 16:00:40,020 - INFO - 读取 Logo 路径: D:/bcmanager/l/1/logo.png
2025-04-15 16:00:40,022 - INFO - 应用新 Logo: D:/bcmanager/l/1/logo.png
2025-04-15 16:01:04,762 - INFO - 保存 Logo 路径: D:/bcmanager/logo.png
2025-04-15 16:01:04,762 - INFO - 保存窗口标题: 小梅梅设计
2025-04-15 16:01:04,766 - INFO - 应用窗口标题: 小梅梅设计
2025-04-15 16:01:04,778 - INFO - 应用窗口图标: D:/bcmanager/l/logo.png
2025-04-15 16:01:04,778 - INFO - 读取 Logo 路径: D:/bcmanager/logo.png
2025-04-15 16:01:04,789 - INFO - 应用新 Logo: D:/bcmanager/logo.png
2025-04-15 16:01:19,586 - INFO - 保存图标路径: D:/bcmanager/logo.png
2025-04-15 16:01:19,587 - INFO - 保存窗口标题: 本纯设计
2025-04-15 16:01:19,591 - INFO - 应用窗口标题: 本纯设计
2025-04-15 16:01:19,605 - INFO - 应用窗口图标: D:/bcmanager/logo.png
2025-04-15 16:01:19,605 - INFO - 读取 Logo 路径: D:/bcmanager/logo.png
2025-04-15 16:01:19,605 - INFO - 应用新 Logo: D:/bcmanager/logo.png
2025-04-15 16:01:31,482 - INFO - 保存图标路径: D:/bcmanager/logo01.png
2025-04-15 16:01:31,482 - INFO - 保存窗口标题: 本纯设计
2025-04-15 16:01:31,486 - INFO - 应用窗口标题: 本纯设计
2025-04-15 16:01:31,502 - INFO - 应用窗口图标: D:/bcmanager/logo01.png
2025-04-15 16:01:31,503 - INFO - 读取 Logo 路径: D:/bcmanager/logo.png
2025-04-15 16:01:31,503 - INFO - 应用新 Logo: D:/bcmanager/logo.png
