2025-04-15 00:40:57,295 - INFO - 程序启动，日志文件：log\2025-04-15_00-40-57.log
2025-04-15 00:40:57,308 - INFO - remarks 表缺少 transaction_id 的 UNIQUE 约束，正在升级表结构...
2025-04-15 00:40:57,309 - INFO - remarks 表结构升级完成！
2025-04-15 00:40:57,320 - INFO - 数据库初始化成功
2025-04-15 00:41:02,403 - INFO - remarks 表缺少 transaction_id 的 UNIQUE 约束，正在升级表结构...
2025-04-15 00:41:02,405 - INFO - remarks 表结构升级完成！
2025-04-15 00:41:02,414 - INFO - 数据库初始化成功
2025-04-15 00:41:03,698 - INFO - remarks 表缺少 transaction_id 的 UNIQUE 约束，正在升级表结构...
2025-04-15 00:41:03,700 - INFO - remarks 表结构升级完成！
2025-04-15 00:41:03,744 - INFO - 数据库初始化成功
2025-04-15 00:41:06,784 - INFO - Opening monthly window for 2024-2
2025-04-15 00:41:06,785 - INFO - remarks 表缺少 transaction_id 的 UNIQUE 约束，正在升级表结构...
2025-04-15 00:41:06,787 - INFO - remarks 表结构升级完成！
2025-04-15 00:41:06,830 - INFO - 数据库初始化成功
2025-04-15 00:41:08,617 - INFO - Created styled message box: title=确认删除, text=确定要删除项目 '让人' 的这条收支记录吗？, width=500
2025-04-15 00:41:10,114 - INFO - 快捷方式不存在，无需删除: 项目资料\2024年\02月\让人（第二阶段）.lnk
2025-04-15 00:41:10,115 - INFO - Created styled message box: title=成功, text=收支记录删除成功！, width=400
2025-04-15 00:41:16,112 - INFO - Opening monthly window for 2024-1
2025-04-15 00:41:16,113 - INFO - remarks 表缺少 transaction_id 的 UNIQUE 约束，正在升级表结构...
2025-04-15 00:41:16,115 - INFO - remarks 表结构升级完成！
2025-04-15 00:41:16,159 - INFO - 数据库初始化成功
2025-04-15 00:41:23,376 - INFO - Opening monthly window for 2024-2
2025-04-15 00:41:23,377 - INFO - remarks 表缺少 transaction_id 的 UNIQUE 约束，正在升级表结构...
2025-04-15 00:41:23,379 - INFO - remarks 表结构升级完成！
2025-04-15 00:41:23,422 - INFO - 数据库初始化成功
2025-04-15 00:41:29,216 - INFO - Accepted item: 让人
2025-04-15 00:41:32,773 - INFO - Created styled message box: title=确认创建, text=项目名称: 让人
阶段: 第二阶段
金额: 4444.0
类型: 收入
支付方式: 微信, width=500
2025-04-15 00:41:33,511 - INFO - 创建快捷方式: project_name=让人, original_path=项目资料\2024年\01月\让人
2025-04-15 00:41:33,511 - INFO - Ensured base_path exists: 项目资料\2024年\02月
2025-04-15 00:41:33,524 - INFO - 快捷方式创建成功: 项目资料\2024年\02月\让人（第二阶段）.lnk, 目标路径: D:\bcmanager\dist\项目资料\2024年\01月\让人
2025-04-15 00:41:33,525 - INFO - Created styled message box: title=成功, text=收支记录创建成功！, width=400
