2025-04-15 21:27:02,255 - INFO - 程序启动，日志文件：log\2025-04-15_21-27-02.log
2025-04-15 21:27:02,255 - INFO - 成功生成用户指南文件：UserGuide.txt
2025-04-15 21:27:02,269 - INFO - 未找到初始数据库文件 project_accounting.db，将创建新数据库
2025-04-15 21:27:02,269 - INFO - 创建数据库文件：D:\bcmanager\dist\project_accounting.db
2025-04-15 21:27:02,296 - INFO - 默认账户检查 - 用户名: bc, 数据: None
2025-04-15 21:27:02,306 - INFO - 数据库初始化成功
2025-04-15 21:27:54,264 - INFO - 用户表记录数: 0
2025-04-15 21:27:54,264 - INFO - 保存安全问题 - 问题: 你的公司全称是什么？, 答案哈希: 373bb7ad713084c2eb02759c4bd5c6fd08a9a62ff5f61bba02a2153ba6fbb8de
2025-04-15 21:27:54,265 - INFO - 插入新用户: hg
2025-04-15 21:27:54,270 - INFO - 验证更新 - 数据库安全问题: 你的公司全称是什么？, 答案哈希: 373bb7ad713084c2eb02759c4bd5c6fd08a9a62ff5f61bba02a2153ba6fbb8de
2025-04-15 21:27:55,955 - INFO - 加载保存的凭据 - 用户名: , 记住我: False
2025-04-15 21:27:55,956 - INFO - 应用窗口标题: 本纯设计
2025-04-15 21:27:55,973 - INFO - 应用窗口图标: D:/bcmanager/logo01.png
2025-04-15 21:27:55,973 - INFO - 读取 Logo 路径: D:/bcmanager/logo.png
2025-04-15 21:27:55,985 - INFO - 应用新 Logo: D:/bcmanager/logo.png
2025-04-15 21:28:01,989 - INFO - 登录尝试 - 用户名: hg
2025-04-15 21:28:01,989 - INFO - 验证结果: True
2025-04-15 21:28:02,332 - INFO - remarks 表缺少 transaction_id 的 UNIQUE 约束，正在升级表结构...
2025-04-15 21:28:02,334 - INFO - remarks 表结构升级完成！
2025-04-15 21:28:02,338 - INFO - 默认账户检查 - 用户名: bc, 数据: None
2025-04-15 21:28:02,342 - INFO - 数据库初始化成功
2025-04-15 21:28:09,881 - INFO - remarks 表缺少 transaction_id 的 UNIQUE 约束，正在升级表结构...
2025-04-15 21:28:09,882 - INFO - remarks 表结构升级完成！
2025-04-15 21:28:09,887 - INFO - 默认账户检查 - 用户名: bc, 数据: None
2025-04-15 21:28:09,890 - INFO - 数据库初始化成功
2025-04-15 21:28:10,774 - INFO - Opening monthly window for 2025-1
2025-04-15 21:28:10,775 - INFO - remarks 表缺少 transaction_id 的 UNIQUE 约束，正在升级表结构...
2025-04-15 21:28:10,776 - INFO - remarks 表结构升级完成！
2025-04-15 21:28:10,781 - INFO - 默认账户检查 - 用户名: bc, 数据: None
2025-04-15 21:28:10,785 - INFO - 数据库初始化成功
2025-04-15 21:28:27,305 - INFO - Created styled message box: title=确认创建, text=项目名称: 充电枪项目
金额: 5000.0
类型: 收入
支付方式: 支付宝, width=500
2025-04-15 21:28:28,194 - INFO - 文件夹创建成功: 项目资料\2025年\01月\充电枪项目
2025-04-15 21:28:28,195 - INFO - Created styled message box: title=成功, text=收支记录创建成功！, width=400
